{"D:\\WWWROOT\\AiaTest\\src\\components\\Button.js": {"path":"D:\\WWWROOT\\AiaTest\\src\\components\\Button.js","statementMap":{"0":{"start":{"line":4,"column":15},"end":{"line":27,"column":2}},"1":{"start":{"line":29,"column":15},"end":{"line":58,"column":1}},"2":{"start":{"line":35,"column":6},"end":{"line":35,"column":11}},"3":{"start":{"line":38,"column":13},"end":{"line":38,"column":52}},"4":{"start":{"line":39,"column":2},"end":{"line":45,"column":3}},"5":{"start":{"line":40,"column":4},"end":{"line":40,"column":40}},"6":{"start":{"line":41,"column":4},"end":{"line":41,"column":36}},"7":{"start":{"line":43,"column":4},"end":{"line":43,"column":36}},"8":{"start":{"line":44,"column":4},"end":{"line":44,"column":32}},"9":{"start":{"line":47,"column":2},"end":{"line":57,"column":4}}},"fnMap":{"0":{"name":"(anonymous_0)","decl":{"start":{"line":29,"column":15},"end":{"line":29,"column":16}},"loc":{"start":{"line":29,"column":24},"end":{"line":58,"column":1}},"line":29}},"branchMap":{"0":{"loc":{"start":{"line":38,"column":13},"end":{"line":38,"column":52}},"type":"cond-expr","locations":[{"start":{"line":38,"column":36},"end":{"line":38,"column":44}},{"start":{"line":38,"column":47},"end":{"line":38,"column":52}}],"line":38},"1":{"loc":{"start":{"line":39,"column":2},"end":{"line":45,"column":3}},"type":"if","locations":[{"start":{"line":39,"column":2},"end":{"line":45,"column":3}},{"start":{"line":39,"column":2},"end":{"line":45,"column":3}}],"line":39}},"s":{"0":1,"1":1,"2":6,"3":6,"4":6,"5":1,"6":1,"7":5,"8":5,"9":6},"f":{"0":6},"b":{"0":[3,3],"1":[1,5]},"_coverageSchema":"1a1c01bbd47fc00a2c39e90264f33305004495a9","hash":"c9129133d22eb906e92e9de7732f95be933858a2"}
}
